2024-12-12 16:57:23 [INFO] [SemanticSearch] workspace path "D:/project/Harmony_cangjie/DDhelper"
2024-12-12 16:57:23 [INFO] [SemanticSearch] model path C:\Users\liluo\AppData\Roaming\Huawei\DevEcoStudio5.0\plugins\BitFun-FireCoder\models/onnx
2024-12-12 16:57:26 [INFO] [SemanticSearch] Init qdrant collection vnextac6802d12fc87f40542f2ee800bb9a229b2af93e4fa81fc7e57ab0f46caed2de took 152 ms.
2024-12-12 16:57:26 [INFO] [SemanticSearch] All data of the workspace (identifier: vnextac6802d12fc87f40542f2ee800bb9a229b2af93e4fa81fc7e57ab0f46caed2de) will be clear
2024-12-12 16:57:26 [INFO] [SemanticSearch] create collection vnextac6802d12fc87f40542f2ee800bb9a229b2af93e4fa81fc7e57ab0f46caed2de with error status: InvalidArgument, message: "Wrong input: Collection `vnextac6802d12fc87f40542f2ee800bb9a229b2af93e4fa81fc7e57ab0f46caed2de` already exists!", details: [], metadata: MetadataMap { headers: {"content-type": "application/grpc", "date": "Thu, 12 Dec 2024 08:57:26 GMT", "content-length": "0"} }
2024-12-12 16:57:26 [INFO] [SemanticSearch] Diff documents took 56 ms
2024-12-12 16:57:26 [INFO] [SemanticSearch] added documents: ["entry\\src\\main\\cangjie\\cj_res\\src\\AppR.cj", "entry\\src\\main\\cangjie\\cj_res\\src\\SysR.cj", "entry\\src\\main\\cangjie\\src\\ability_mainability_entry.cj", "entry\\src\\main\\cangjie\\src\\ability_stage.cj", "entry\\src\\main\\cangjie\\src\\classes\\bs_character_class.cj", "entry\\src\\main\\cangjie\\src\\classes\\bs_character_skill_class.cj", "entry\\src\\main\\cangjie\\src\\classes\\bs_character_variety_class.cj", "entry\\src\\main\\cangjie\\src\\classes\\push_pages_class.cj", "entry\\src\\main\\cangjie\\src\\classes\\Swiper_class_cjresources.cj", "entry\\src\\main\\cangjie\\src\\index.cj", "entry\\src\\main\\cangjie\\src\\main_ability.cj", "entry\\src\\main\\cangjie\\src\\module_entry_entry.cj", "entry\\src\\main\\cangjie\\src\\pages\\about_us.cj", "entry\\src\\main\\cangjie\\src\\pages\\bs.cj", "entry\\src\\main\\cangjie\\src\\pages\\bs_contents\\bs_content_body1.cj", "entry\\src\\main\\cangjie\\src\\pages\\dd.cj", "entry\\src\\main\\cangjie\\src\\pages\\home.cj", "entry\\src\\main\\cangjie\\src\\pages\\home_contents\\home_body.cj", "entry\\src\\main\\cangjie\\src\\pages\\home_contents\\home_head.cj", "entry\\src\\main\\cangjie\\src\\pages\\man.cj", "entry\\src\\main\\cangjie\\src\\pages\\man_cotents\\man_content_body.cj", "entry\\src\\main\\cangjie\\src\\pages\\man_cotents\\man_content_head.cj", "entry\\src\\main\\cangjie\\src\\pages\\seetingpage.cj", "entry\\src\\main\\cangjie\\src\\pages\\vup_bs_des.cj", "entry\\src\\main\\cangjie\\src\\pages\\vup_des.cj", "entry\\src\\main\\cangjie\\src\\resouces\\bs_characher_skill_list.cj", "entry\\src\\main\\cangjie\\src\\resouces\\bs_character_main_attribute_list.cj", "entry\\src\\main\\cangjie\\src\\resouces\\bs_character_story_list.cj", "entry\\src\\main\\cangjie\\src\\resouces\\lists.cj", "entry\\src\\main\\cangjie\\src\\tools\\read_from_csv.cj"]
2024-12-12 16:57:26 [INFO] [SemanticSearch] changed documents: []
2024-12-12 16:57:26 [INFO] [SemanticSearch] removed documents: []
2024-12-12 16:57:26 [INFO] [SemanticSearch] Project has 30 files, and sum 175 KB
2024-12-12 16:57:26 [INFO] [SemanticSearch] Scan removed 0 documents
2024-12-12 16:57:26 [INFO] [SemanticSearch] Scan added 30 documents
2024-12-12 16:57:26 [INFO] [SemanticSearch] 0 files need to be deleted or updated
2024-12-12 16:57:26 [INFO] [SemanticSearch] 20 entries to be added
2024-12-12 16:57:27 [INFO] [SemanticSearch] Embed 20 code chunks took 441 ms
2024-12-12 16:57:27 [INFO] [SemanticSearch] Upsert 20 points to collection took 2 ms
2024-12-12 18:39:34 [INFO] [SemanticSearch] workspace path "D:/project/Harmony_cangjie/DDhelper"
2024-12-12 18:39:34 [INFO] [SemanticSearch] model path C:\Users\liluo\AppData\Roaming\Huawei\DevEcoStudio5.0\plugins\BitFun-FireCoder\models/onnx
2024-12-12 18:39:37 [INFO] [SemanticSearch] Init qdrant collection vnextac6802d12fc87f40542f2ee800bb9a229b2af93e4fa81fc7e57ab0f46caed2de took 2 ms.
2024-12-12 18:39:37 [INFO] [SemanticSearch] All data of the workspace (identifier: vnextac6802d12fc87f40542f2ee800bb9a229b2af93e4fa81fc7e57ab0f46caed2de) will be clear
2024-12-12 18:39:37 [INFO] [SemanticSearch] create collection vnextac6802d12fc87f40542f2ee800bb9a229b2af93e4fa81fc7e57ab0f46caed2de with error status: InvalidArgument, message: "Wrong input: Collection `vnextac6802d12fc87f40542f2ee800bb9a229b2af93e4fa81fc7e57ab0f46caed2de` already exists!", details: [], metadata: MetadataMap { headers: {"content-type": "application/grpc", "date": "Thu, 12 Dec 2024 10:39:37 GMT", "content-length": "0"} }
2024-12-12 18:39:37 [INFO] [SemanticSearch] Diff documents took 150 ms
2024-12-12 18:39:37 [INFO] [SemanticSearch] added documents: ["entry\\src\\main\\cangjie\\cj_res\\src\\AppR.cj", "entry\\src\\main\\cangjie\\cj_res\\src\\SysR.cj", "entry\\src\\main\\cangjie\\src\\ability_mainability_entry.cj", "entry\\src\\main\\cangjie\\src\\ability_stage.cj", "entry\\src\\main\\cangjie\\src\\classes\\bs_character_class.cj", "entry\\src\\main\\cangjie\\src\\classes\\bs_character_skill_class.cj", "entry\\src\\main\\cangjie\\src\\classes\\bs_character_variety_class.cj", "entry\\src\\main\\cangjie\\src\\classes\\push_pages_class.cj", "entry\\src\\main\\cangjie\\src\\classes\\Swiper_class_cjresources.cj", "entry\\src\\main\\cangjie\\src\\index.cj", "entry\\src\\main\\cangjie\\src\\main_ability.cj", "entry\\src\\main\\cangjie\\src\\module_entry_entry.cj", "entry\\src\\main\\cangjie\\src\\pages\\about_us.cj", "entry\\src\\main\\cangjie\\src\\pages\\bs.cj", "entry\\src\\main\\cangjie\\src\\pages\\bs_contents\\bs_content_body1.cj", "entry\\src\\main\\cangjie\\src\\pages\\dd.cj", "entry\\src\\main\\cangjie\\src\\pages\\home.cj", "entry\\src\\main\\cangjie\\src\\pages\\home_contents\\home_body.cj", "entry\\src\\main\\cangjie\\src\\pages\\home_contents\\home_head.cj", "entry\\src\\main\\cangjie\\src\\pages\\man.cj", "entry\\src\\main\\cangjie\\src\\pages\\man_cotents\\man_content_body.cj", "entry\\src\\main\\cangjie\\src\\pages\\man_cotents\\man_content_head.cj", "entry\\src\\main\\cangjie\\src\\pages\\seetingpage.cj", "entry\\src\\main\\cangjie\\src\\pages\\vup_bs_des.cj", "entry\\src\\main\\cangjie\\src\\pages\\vup_des.cj", "entry\\src\\main\\cangjie\\src\\resouces\\bs_characher_skill_list.cj", "entry\\src\\main\\cangjie\\src\\resouces\\bs_character_main_attribute_list.cj", "entry\\src\\main\\cangjie\\src\\resouces\\bs_character_story_list.cj", "entry\\src\\main\\cangjie\\src\\resouces\\lists.cj", "entry\\src\\main\\cangjie\\src\\tools\\read_from_csv.cj"]
2024-12-12 18:39:37 [INFO] [SemanticSearch] changed documents: []
2024-12-12 18:39:37 [INFO] [SemanticSearch] removed documents: []
2024-12-12 18:39:37 [INFO] [SemanticSearch] Project has 30 files, and sum 175 KB
2024-12-12 18:39:37 [INFO] [SemanticSearch] Scan removed 0 documents
2024-12-12 18:39:37 [INFO] [SemanticSearch] Scan added 30 documents
2024-12-12 18:39:37 [INFO] [SemanticSearch] 0 files need to be deleted or updated
2024-12-12 18:39:37 [INFO] [SemanticSearch] 20 entries to be added
2024-12-12 18:39:37 [INFO] [SemanticSearch] Embed 20 code chunks took 590 ms
2024-12-12 18:39:37 [INFO] [SemanticSearch] Upsert 20 points to collection took 3 ms
